Started by user [8mha:////4FoFuk5ghiACukqcPdleFHyAE4A+P/K0Ad1k2xImKMN2AAAAmB+LCAAAAAAAAP9b85aBtbiIQTGjNKU4P08vOT+vOD8nVc83PyU1x6OyILUoJzMv2y+/JJUBAhiZGBgqihhk0NSjKDWzXb3RdlLBUSYGJk8GtpzUvPSSDB8G5tKinBIGIZ+sxLJE/ZzEvHT94JKizLx0a6BxUmjGOUNodHsLgAy2EgYe/dLi1CL94tKk/JQMAJEvZQ3BAAAA[0msubodh
Running as SYSTEM
Building in workspace /var/jenkins_home/workspace/zero to Adv/ansible-test
[ansible-test] $ ansible-playbook /var/jenkins_home/ansible/play.yml -i /var/jenkins_home/ansible/hosts -f 5

PLAY [test1] *******************************************************************

TASK [Gathering Facts] *********************************************************
ok: [test1]

TASK [debug] *******************************************************************
fatal: [test1]: FAILED! => {"msg": "The task includes an option with an undefined variable. The error was: 'MSG' is undefined\n\nThe error appears to be in '/var/jenkins_home/ansible/play.yml': line 3, column 8, but may\nbe elsewhere in the file depending on the exact syntax problem.\n\nThe offending line appears to be:\n\n  tasks:\n     - debug:\n       ^ here\n"}

PLAY RECAP *********************************************************************
test1                      : ok=1    changed=0    unreachable=0    failed=1    skipped=0    rescued=0    ignored=0   

FATAL: command execution failed
hudson.AbortException: Ansible playbook execution failed
	at org.jenkinsci.plugins.ansible.AnsiblePlaybookBuilder.perform(AnsiblePlaybookBuilder.java:262)
	at org.jenkinsci.plugins.ansible.AnsiblePlaybookBuilder.perform(AnsiblePlaybookBuilder.java:232)
	at jenkins.tasks.SimpleBuildStep.perform(SimpleBuildStep.java:123)
	at hudson.tasks.BuildStepCompatibilityLayer.perform(BuildStepCompatibilityLayer.java:79)
	at hudson.tasks.BuildStepMonitor$1.perform(BuildStepMonitor.java:20)
	at hudson.model.AbstractBuild$AbstractBuildExecution.perform(AbstractBuild.java:814)
	at hudson.model.Build$BuildExecution.build(Build.java:199)
	at hudson.model.Build$BuildExecution.doRun(Build.java:164)
	at hudson.model.AbstractBuild$AbstractBuildExecution.run(AbstractBuild.java:522)
	at hudson.model.Run.execute(Run.java:1896)
	at hudson.model.FreeStyleBuild.run(FreeStyleBuild.java:44)
	at hudson.model.ResourceController.execute(ResourceController.java:101)
	at hudson.model.Executor.run(Executor.java:442)
ERROR: Ansible playbook execution failed
Finished: FAILURE
